SF:lib/screens/home/loading.dart
DA:8,1
DA:10,1
DA:12,1
DA:13,1
DA:14,1
DA:15,1
DA:17,2
DA:19,1
DA:21,1
DA:24,1
DA:25,1
DA:40,1
LF:12
LH:12
end_of_record
SF:lib/backend/cont.dart
DA:22,8
DA:58,3
DA:60,1
DA:61,6
DA:62,2
DA:67,0
DA:77,0
DA:87,3
DA:91,1
DA:97,3
DA:101,1
DA:107,0
DA:117,0
DA:127,0
DA:132,0
DA:137,3
DA:138,1
DA:139,1
LF:18
LH:12
end_of_record
SF:lib/utils.dart
DA:20,1
DA:21,2
DA:24,0
DA:27,2
DA:28,6
DA:41,1
DA:46,3
DA:48,1
DA:51,1
DA:52,1
DA:53,3
DA:54,3
DA:55,3
DA:56,3
DA:57,3
DA:58,3
DA:59,3
DA:60,3
DA:61,3
DA:62,3
DA:63,3
DA:65,1
DA:66,3
DA:67,3
DA:68,3
DA:69,3
DA:70,3
DA:71,3
DA:72,3
DA:73,3
DA:74,3
DA:75,3
DA:77,1
DA:78,3
DA:79,3
DA:80,3
DA:81,3
DA:82,3
DA:83,3
DA:84,3
DA:85,3
DA:87,1
DA:88,3
DA:89,3
DA:90,3
DA:91,3
DA:92,3
DA:93,3
DA:94,3
DA:95,3
DA:96,3
DA:97,3
DA:98,3
DA:99,3
DA:101,1
DA:102,3
DA:103,3
DA:104,3
DA:105,3
DA:106,3
DA:107,3
DA:108,3
DA:109,3
DA:110,3
DA:111,3
DA:112,3
DA:113,3
DA:115,1
DA:116,3
DA:117,3
DA:118,3
DA:119,3
DA:120,3
DA:127,0
DA:130,0
DA:131,0
DA:132,0
DA:137,1
DA:140,1
DA:141,2
DA:142,2
DA:147,1
DA:148,1
DA:149,4
LF:84
LH:79
end_of_record
SF:lib/widgets/display/text.dart
DA:11,9
DA:16,18
DA:19,9
DA:21,9
DA:22,9
DA:23,9
DA:24,36
LF:7
LH:7
end_of_record
SF:lib/backend/model.dart
DA:34,0
DA:57,0
DA:58,0
DA:59,0
DA:60,0
DA:61,0
DA:62,0
DA:67,0
DA:68,0
DA:69,0
DA:70,0
DA:71,0
DA:72,0
DA:77,0
DA:78,0
DA:92,0
DA:98,0
DA:99,0
DA:101,0
DA:102,0
DA:103,0
DA:104,0
DA:105,0
DA:106,0
DA:114,0
DA:115,0
DA:116,0
DA:119,0
DA:120,0
DA:121,0
DA:123,0
DA:124,0
DA:126,0
DA:127,0
DA:128,0
DA:129,0
DA:130,0
DA:131,0
DA:150,0
DA:160,0
DA:165,0
DA:166,0
DA:167,0
DA:168,0
DA:169,0
DA:170,0
DA:171,0
DA:172,0
DA:175,0
DA:177,0
DA:178,0
DA:179,0
DA:180,0
DA:181,0
DA:182,0
DA:183,0
DA:184,0
DA:185,0
DA:186,0
DA:190,0
DA:191,0
DA:195,0
DA:196,0
DA:197,0
DA:201,0
DA:202,0
DA:203,0
DA:207,0
DA:208,0
DA:209,0
DA:213,0
DA:214,0
DA:218,0
DA:219,0
DA:222,0
DA:223,0
DA:226,0
DA:227,0
DA:230,0
DA:231,0
DA:232,0
DA:236,0
DA:239,0
DA:244,0
DA:245,0
DA:246,0
DA:247,0
DA:248,0
DA:254,0
DA:255,0
DA:272,0
DA:284,0
DA:285,0
DA:286,0
DA:291,0
DA:292,0
DA:293,0
DA:294,0
DA:295,0
DA:298,0
DA:299,0
DA:300,0
DA:303,0
DA:304,0
DA:305,0
DA:306,0
DA:308,0
DA:309,0
DA:310,0
DA:312,0
DA:313,0
DA:315,0
DA:318,0
DA:319,0
DA:337,0
DA:338,0
DA:345,0
DA:353,0
DA:356,0
DA:359,0
DA:363,0
DA:364,0
DA:365,0
DA:368,0
DA:371,0
DA:374,0
DA:381,1
LF:127
LH:1
end_of_record
SF:lib/widgets/input/leadingMDS.dart
DA:14,2
DA:16,0
DA:17,0
DA:18,0
DA:19,2
DA:20,2
DA:21,2
DA:23,2
DA:25,2
DA:26,2
DA:27,4
DA:28,2
DA:30,4
DA:31,2
DA:32,2
DA:33,2
DA:34,0
DA:35,0
DA:41,2
DA:42,1
DA:43,1
DA:44,5
DA:45,1
DA:46,5
DA:47,0
DA:49,3
DA:50,1
DA:52,1
DA:54,3
DA:57,1
DA:58,1
DA:60,1
DA:62,2
DA:64,2
DA:65,1
DA:66,1
DA:69,1
DA:74,6
LF:38
LH:32
end_of_record
SF:lib/screens/units/timeGrid.dart
DA:9,4
DA:23,2
DA:25,2
DA:26,6
DA:27,0
DA:28,0
DA:29,0
DA:34,2
DA:36,4
DA:37,2
DA:40,2
DA:42,2
DA:45,2
DA:46,2
DA:47,2
DA:49,2
DA:51,2
DA:52,4
DA:53,2
DA:56,2
DA:57,2
DA:60,2
DA:63,2
DA:64,2
DA:67,2
DA:70,2
DA:71,2
DA:74,2
DA:77,2
DA:78,2
DA:82,4
DA:83,2
DA:86,2
DA:87,2
DA:90,2
DA:93,2
DA:94,2
DA:95,6
DA:98,2
DA:101,2
DA:102,2
DA:103,6
DA:106,2
DA:109,2
DA:110,2
DA:111,6
DA:115,4
DA:116,2
DA:119,2
DA:120,2
DA:123,2
DA:126,2
DA:127,2
DA:128,6
DA:131,2
DA:134,2
DA:135,2
DA:136,6
DA:139,2
DA:142,2
DA:143,2
DA:144,6
LF:62
LH:59
end_of_record
SF:lib/widgets/layout/alignPadding.dart
DA:7,3
DA:9,3
DA:11,3
DA:12,3
DA:13,3
DA:14,6
DA:15,3
LF:7
LH:7
end_of_record
SF:lib/screens/units/jjjlookup.dart
DA:10,2
DA:11,2
DA:20,1
DA:21,2
DA:22,1
DA:26,2
DA:28,2
DA:29,2
DA:30,4
DA:31,2
DA:32,2
DA:33,6
DA:34,2
DA:35,2
DA:37,2
DA:41,12
LF:16
LH:16
end_of_record
SF:lib/widgets/display/constText.dart
DA:7,6
DA:8,6
DA:10,6
DA:13,6
DA:14,6
DA:15,6
LF:6
LH:6
end_of_record
SF:lib/widgets/input/buttonDatePicker.dart
DA:11,3
DA:15,0
DA:16,0
DA:17,0
DA:19,3
DA:21,3
DA:22,3
DA:23,1
DA:24,1
DA:27,1
DA:28,1
DA:30,1
DA:32,1
DA:34,1
DA:37,1
LF:15
LH:12
end_of_record
SF:lib/widgets/layout/rows/row2.dart
DA:7,6
DA:9,6
DA:11,6
DA:12,6
DA:13,6
DA:14,6
DA:15,6
DA:16,6
DA:17,6
DA:18,6
DA:19,6
LF:11
LH:11
end_of_record
SF:lib/widgets/input/customButton.dart
DA:10,12
DA:11,24
DA:15,12
DA:17,12
DA:20,12
DA:21,12
DA:22,12
DA:23,12
DA:24,12
DA:25,24
DA:26,12
DA:27,24
DA:28,24
LF:13
LH:13
end_of_record
SF:lib/screens/units/units.dart
DA:12,1
DA:13,2
DA:51,1
DA:53,2
DA:54,1
DA:57,1
DA:59,1
DA:60,1
DA:62,1
DA:63,1
DA:64,1
LF:11
LH:11
end_of_record
SF:lib/screens/units/durationlookup.dart
DA:10,2
DA:11,2
DA:19,2
DA:21,8
DA:22,4
DA:23,2
DA:24,8
DA:25,4
DA:28,8
DA:31,2
DA:33,2
DA:34,2
DA:35,2
DA:36,2
DA:37,2
DA:38,6
DA:39,0
DA:40,2
DA:44,2
DA:46,2
DA:47,2
DA:48,2
DA:49,6
DA:50,0
DA:51,2
DA:55,2
DA:57,8
LF:27
LH:25
end_of_record
SF:lib/widgets/layout/div.dart
DA:5,4
DA:7,4
LF:2
LH:2
end_of_record
SF:lib/widgets/input/buttonDateTimePicker.dart
DA:15,4
DA:19,0
DA:20,0
DA:21,0
DA:23,4
DA:25,4
DA:26,4
DA:27,1
DA:28,1
DA:31,1
DA:32,1
DA:34,1
DA:36,1
DA:38,1
DA:40,1
DA:42,1
LF:16
LH:13
end_of_record
SF:lib/screens/units/preinsp.dart
DA:12,2
DA:13,2
DA:27,2
DA:28,10
DA:30,4
DA:31,10
DA:32,2
DA:34,4
DA:35,10
DA:36,2
DA:37,4
DA:40,2
DA:43,1
DA:44,2
DA:45,1
DA:46,5
DA:47,8
DA:51,1
DA:52,2
DA:53,2
DA:54,8
DA:58,2
DA:60,2
DA:61,2
DA:62,2
DA:63,2
DA:64,2
DA:65,2
DA:66,2
DA:67,2
DA:68,2
DA:69,2
DA:71,2
DA:75,6
DA:76,2
DA:80,8
LF:36
LH:36
end_of_record
SF:lib/widgets/input/buttonModalSpinner.dart
DA:13,5
DA:17,0
DA:18,0
DA:19,5
DA:20,10
DA:22,5
DA:23,5
DA:32,5
DA:33,15
DA:34,5
DA:35,5
DA:36,5
DA:37,5
DA:39,5
DA:44,5
DA:46,5
DA:47,15
DA:48,25
DA:49,20
DA:50,15
DA:53,5
DA:55,10
DA:56,5
DA:59,1
DA:60,3
DA:61,1
DA:62,2
DA:63,1
DA:64,4
DA:69,2
DA:70,2
DA:71,2
DA:72,2
DA:73,2
DA:76,2
DA:77,2
DA:80,2
DA:81,2
DA:83,4
DA:84,4
DA:85,2
DA:87,2
DA:88,2
DA:89,2
DA:91,2
DA:92,4
DA:102,5
DA:104,5
DA:105,5
DA:106,5
LF:50
LH:48
end_of_record
SF:lib/screens/units/unitConversion.dart
DA:10,1
DA:11,1
DA:23,1
DA:25,1
DA:27,3
DA:28,2
DA:30,3
DA:31,2
DA:34,3
DA:35,3
DA:37,3
DA:38,3
DA:39,1
DA:40,1
DA:41,1
DA:44,1
DA:46,2
DA:47,2
DA:48,1
DA:51,1
DA:52,1
DA:53,2
DA:54,2
DA:59,1
DA:60,2
DA:61,1
DA:62,1
DA:63,1
DA:64,2
DA:65,1
DA:66,2
DA:67,3
DA:68,1
DA:69,3
DA:74,1
DA:75,1
DA:76,1
DA:77,1
DA:80,1
DA:81,2
DA:82,2
DA:83,2
DA:86,4
DA:87,3
DA:88,2
DA:89,4
DA:90,1
DA:92,2
DA:97,1
DA:98,1
DA:99,1
DA:100,1
DA:102,1
DA:103,2
DA:104,2
DA:105,2
DA:108,4
DA:109,3
DA:110,2
DA:111,4
DA:112,1
DA:114,2
DA:118,1
DA:120,2
DA:121,2
DA:122,1
DA:125,1
DA:126,1
DA:127,1
DA:128,1
DA:130,1
DA:131,1
DA:132,2
DA:133,1
DA:134,1
DA:135,1
DA:137,2
DA:138,2
DA:139,1
DA:140,1
DA:141,1
DA:142,1
DA:145,1
DA:146,1
DA:149,1
DA:150,1
DA:151,1
DA:152,1
DA:154,2
DA:155,2
DA:156,1
DA:157,1
DA:158,1
DA:159,1
LF:94
LH:94
end_of_record
SF:lib/widgets/input/customTextField.dart
DA:8,2
DA:9,2
DA:10,2
DA:16,2
DA:18,2
DA:19,8
DA:20,4
DA:24,2
DA:26,2
DA:29,2
DA:31,4
DA:32,2
DA:33,2
DA:34,2
DA:35,2
DA:36,2
LF:16
LH:16
end_of_record
SF:lib/widgets/layout/rows/row1.dart
DA:8,1
DA:10,1
DA:12,1
DA:14,1
DA:15,2
DA:22,2
DA:24,2
DA:26,4
LF:8
LH:8
end_of_record
SF:lib/screens/units/yYYYMMDDLookup.dart
DA:13,2
DA:14,2
DA:22,2
DA:23,2
DA:24,4
DA:25,4
DA:30,2
DA:31,2
DA:32,6
DA:33,4
DA:38,2
DA:39,2
DA:40,14
DA:43,1
DA:44,2
DA:45,1
DA:46,4
DA:47,4
DA:48,0
DA:53,1
DA:54,2
DA:55,1
DA:59,2
DA:61,2
DA:62,2
DA:63,2
DA:64,2
DA:65,2
DA:66,2
DA:67,2
DA:68,2
DA:69,2
DA:70,2
DA:72,2
DA:73,2
DA:74,2
DA:75,2
DA:76,2
DA:77,2
DA:78,2
DA:80,2
DA:81,8
LF:42
LH:41
end_of_record
SF:lib/widgets/layout/cards/ccard.dart
DA:16,1
DA:23,1
DA:24,1
DA:33,1
DA:35,1
DA:36,4
DA:37,4
DA:38,3
DA:39,3
DA:43,1
DA:44,1
DA:45,1
DA:47,0
DA:51,1
DA:53,1
DA:55,1
DA:56,1
DA:57,1
DA:58,1
DA:60,1
DA:61,1
DA:65,1
DA:66,1
DA:67,1
DA:68,1
DA:71,1
DA:72,1
DA:73,1
DA:74,1
DA:75,1
DA:77,0
DA:78,0
DA:79,0
DA:81,2
DA:91,1
DA:92,1
DA:94,1
DA:95,1
DA:96,4
DA:97,2
DA:98,1
DA:99,1
DA:100,1
DA:101,1
DA:102,1
DA:105,0
DA:106,0
DA:107,0
DA:108,0
DA:109,0
DA:110,0
DA:111,0
DA:112,0
LF:53
LH:41
end_of_record
SF:lib/screens/home/bottomnav.dart
DA:13,1
DA:15,1
DA:16,1
DA:25,1
DA:27,1
DA:29,2
DA:30,1
DA:31,7
DA:36,1
DA:38,2
DA:39,1
DA:42,1
DA:43,2
DA:48,1
DA:49,2
DA:50,1
DA:51,1
DA:55,1
DA:56,2
DA:57,1
DA:58,1
DA:62,1
DA:64,1
DA:65,2
DA:67,3
DA:68,2
DA:72,5
DA:73,2
DA:74,1
DA:75,1
DA:77,1
DA:79,1
DA:80,4
DA:82,1
DA:83,1
DA:84,4
DA:85,1
DA:88,1
DA:89,1
DA:90,1
DA:91,4
DA:92,1
DA:94,3
DA:96,1
DA:98,1
DA:100,4
DA:101,4
DA:103,1
DA:104,1
DA:105,4
DA:106,1
DA:109,1
DA:112,1
DA:113,1
DA:118,1
DA:119,1
DA:120,1
DA:123,1
DA:124,1
DA:127,1
DA:128,1
DA:133,1
DA:134,1
DA:135,1
DA:136,4
DA:137,1
LF:66
LH:66
end_of_record
SF:lib/widgets/input/moreOpPopup.dart
DA:9,2
DA:10,0
DA:11,2
DA:12,2
DA:13,2
DA:15,0
DA:16,0
DA:17,0
DA:21,0
DA:23,0
DA:27,2
DA:29,2
DA:31,4
DA:32,2
DA:33,2
DA:34,2
DA:35,2
DA:38,2
DA:41,2
DA:42,1
DA:43,1
DA:44,5
DA:45,1
DA:46,5
DA:47,0
DA:49,3
DA:50,1
DA:52,1
DA:54,3
DA:57,2
DA:59,1
DA:61,2
DA:63,2
DA:64,1
DA:65,1
DA:68,1
LF:36
LH:29
end_of_record
SF:lib/widgets/input/buttonModalSpinnerButton.dart
DA:14,1
DA:19,0
DA:20,0
DA:21,0
DA:22,0
DA:23,1
DA:25,1
DA:27,1
DA:34,1
DA:36,1
DA:37,3
DA:40,1
DA:42,2
DA:43,1
DA:46,1
DA:47,3
DA:48,2
DA:49,1
DA:53,1
DA:54,2
DA:55,3
DA:58,1
DA:59,1
DA:60,1
DA:61,1
DA:62,1
DA:65,1
DA:66,1
DA:69,1
DA:70,1
DA:72,2
DA:73,2
DA:74,1
DA:76,1
DA:77,1
DA:78,1
DA:80,1
DA:81,4
DA:82,1
DA:83,1
DA:84,3
DA:86,1
DA:89,2
DA:90,1
DA:91,2
DA:92,1
DA:94,2
DA:104,1
DA:106,1
DA:107,4
DA:108,1
LF:51
LH:47
end_of_record
SF:lib/widgets/input/validatedText.dart
DA:17,1
DA:25,2
DA:27,1
DA:28,1
DA:36,1
DA:38,1
DA:40,3
DA:42,2
DA:45,7
DA:47,3
DA:49,2
DA:50,3
DA:51,4
DA:52,3
DA:53,1
DA:54,2
DA:55,2
DA:58,1
DA:59,2
DA:60,2
DA:67,1
DA:69,1
DA:70,1
DA:72,2
DA:73,1
DA:75,1
DA:76,1
DA:77,1
DA:78,1
DA:79,1
DA:80,3
DA:84,1
DA:85,1
DA:87,2
DA:88,1
DA:90,1
DA:91,1
DA:92,1
DA:93,1
DA:94,1
DA:95,3
DA:99,1
DA:100,1
DA:102,2
DA:103,1
DA:105,1
DA:106,1
DA:109,1
DA:110,3
DA:116,1
DA:118,2
DA:119,1
DA:122,1
DA:124,3
LF:54
LH:54
end_of_record
SF:lib/widgets/input/getMacButton.dart
DA:9,1
DA:10,0
DA:11,0
DA:13,1
DA:15,1
DA:16,1
DA:17,1
DA:18,1
DA:20,1
DA:22,1
DA:23,1
DA:24,1
DA:25,1
DA:26,1
DA:27,1
DA:28,1
LF:16
LH:14
end_of_record
SF:lib/widgets/input/moreOpModal.dart
DA:11,1
DA:12,0
DA:13,1
DA:14,1
DA:15,1
DA:17,1
DA:18,1
DA:27,1
DA:29,1
DA:30,3
DA:33,1
DA:35,2
DA:36,1
DA:39,1
DA:40,1
DA:43,1
DA:44,6
DA:45,2
DA:46,0
DA:48,0
DA:50,0
DA:51,0
DA:52,0
DA:53,0
DA:61,1
DA:62,2
DA:63,6
DA:64,1
DA:66,7
DA:69,2
DA:71,1
DA:73,1
DA:74,4
DA:76,1
DA:80,3
DA:81,1
DA:84,1
DA:86,2
DA:91,1
DA:93,2
DA:94,1
DA:95,2
DA:98,1
DA:99,1
DA:100,1
DA:101,1
DA:104,1
DA:105,1
DA:108,1
DA:109,1
DA:111,2
DA:112,2
DA:113,1
DA:115,1
DA:116,1
DA:117,1
DA:118,1
DA:121,2
DA:122,1
DA:124,1
DA:126,1
DA:127,1
DA:128,1
DA:131,2
DA:141,1
DA:143,1
DA:145,1
LF:67
LH:60
end_of_record
SF:lib/widgets/layout/cards/cardAllwaysOpen.dart
DA:16,1
DA:19,1
DA:22,1
DA:24,1
DA:25,1
DA:26,1
DA:27,1
DA:29,1
DA:30,1
DA:34,1
DA:35,1
DA:36,1
DA:39,1
DA:41,1
DA:42,1
DA:43,1
DA:44,1
DA:45,1
DA:47,1
DA:50,1
DA:51,1
LF:21
LH:21
end_of_record
SF:lib/widgets/display/titleText.dart
DA:9,1
DA:10,0
DA:11,0
DA:13,1
DA:15,1
DA:16,1
DA:17,1
DA:22,2
LF:8
LH:6
end_of_record
SF:lib/widgets/display/rowCenterText.dart
DA:9,1
DA:11,1
DA:13,1
DA:16,1
DA:19,1
DA:23,1
DA:24,1
DA:25,0
DA:26,0
DA:27,0
DA:29,0
LF:11
LH:7
end_of_record
