SF:lib/backend/model.dart
DA:34,0
DA:57,0
DA:58,0
DA:59,0
DA:60,0
DA:61,0
DA:62,0
DA:67,0
DA:68,0
DA:69,0
DA:70,0
DA:71,0
DA:72,0
DA:77,0
DA:78,0
DA:92,0
DA:98,0
DA:99,0
DA:101,0
DA:102,0
DA:103,0
DA:104,0
DA:105,0
DA:106,0
DA:114,0
DA:115,0
DA:116,0
DA:119,0
DA:120,0
DA:121,0
DA:123,0
DA:124,0
DA:126,0
DA:127,0
DA:128,0
DA:129,0
DA:130,0
DA:131,0
DA:150,0
DA:160,0
DA:165,0
DA:166,0
DA:167,0
DA:168,0
DA:169,0
DA:170,0
DA:171,0
DA:172,0
DA:175,0
DA:177,0
DA:178,0
DA:179,0
DA:180,0
DA:181,0
DA:182,0
DA:183,0
DA:184,0
DA:185,0
DA:186,0
DA:190,0
DA:191,0
DA:195,0
DA:196,0
DA:197,0
DA:201,0
DA:202,0
DA:203,0
DA:207,0
DA:208,0
DA:209,0
DA:213,0
DA:214,0
DA:218,0
DA:219,0
DA:222,0
DA:223,0
DA:226,0
DA:227,0
DA:230,0
DA:231,0
DA:232,0
DA:236,0
DA:239,0
DA:244,0
DA:245,0
DA:246,0
DA:247,0
DA:248,0
DA:254,0
DA:255,0
DA:272,0
DA:284,0
DA:285,0
DA:286,0
DA:291,0
DA:292,0
DA:293,0
DA:294,0
DA:295,0
DA:298,0
DA:299,0
DA:300,0
DA:303,0
DA:304,0
DA:305,0
DA:306,0
DA:308,0
DA:309,0
DA:310,0
DA:312,0
DA:313,0
DA:315,0
DA:318,0
DA:319,0
DA:337,0
DA:338,0
DA:345,0
DA:353,0
DA:356,0
DA:359,0
DA:363,0
DA:364,0
DA:365,0
DA:368,0
DA:371,0
DA:374,0
DA:381,0
LF:127
LH:0
end_of_record
SF:lib/screens/glossary/glossary.dart
DA:11,1
DA:12,1
DA:15,1
DA:16,2
DA:17,5
DA:18,2
DA:19,1
DA:20,3
DA:21,5
DA:27,1
DA:29,1
DA:31,1
DA:32,1
DA:33,1
DA:34,2
DA:35,1
DA:36,2
LF:17
LH:17
end_of_record
SF:lib/backend/cont.dart
DA:22,0
DA:58,3
DA:60,1
DA:61,6
DA:62,2
DA:67,0
DA:77,0
DA:87,0
DA:97,0
DA:107,0
DA:117,0
DA:127,0
DA:132,0
DA:137,0
LF:14
LH:4
end_of_record
SF:lib/widgets/display/rowCenterTest.dart
DA:10,1
DA:12,1
DA:14,1
DA:17,1
DA:20,1
DA:21,1
DA:22,1
DA:23,0
DA:24,0
DA:25,0
DA:27,0
LF:11
LH:7
end_of_record
SF:lib/widgets/layout/cards/ccard.dart
DA:17,1
DA:24,1
DA:25,1
DA:34,1
DA:36,1
DA:37,4
DA:38,4
DA:39,3
DA:40,3
DA:43,1
DA:45,2
DA:48,0
DA:52,1
DA:53,1
DA:54,1
DA:56,0
DA:60,1
DA:62,1
DA:64,1
DA:66,1
DA:67,1
DA:68,1
DA:69,1
DA:71,1
DA:72,1
DA:76,1
DA:77,1
DA:78,1
DA:79,1
DA:82,1
DA:83,1
DA:84,1
DA:85,1
DA:86,1
DA:88,0
DA:89,0
DA:90,0
DA:92,2
DA:102,1
DA:103,1
DA:105,1
DA:106,1
DA:107,4
DA:108,2
DA:109,1
DA:110,1
DA:111,1
DA:112,1
DA:113,1
DA:116,0
DA:117,0
DA:118,0
DA:119,0
DA:120,0
DA:121,0
DA:122,0
DA:123,0
LF:57
LH:44
end_of_record
SF:lib/utils.dart
DA:19,0
DA:24,0
DA:26,0
DA:29,0
DA:30,0
DA:31,0
DA:32,0
DA:33,0
DA:34,0
DA:35,0
DA:36,0
DA:37,0
DA:38,0
DA:39,0
DA:40,0
DA:41,0
DA:43,0
DA:44,0
DA:45,0
DA:46,0
DA:47,0
DA:48,0
DA:49,0
DA:50,0
DA:51,0
DA:52,0
DA:53,0
DA:55,0
DA:56,0
DA:57,0
DA:58,0
DA:59,0
DA:60,0
DA:61,0
DA:62,0
DA:63,0
DA:65,0
DA:66,0
DA:67,0
DA:68,0
DA:69,0
DA:70,0
DA:71,0
DA:72,0
DA:73,0
DA:74,0
DA:75,0
DA:76,0
DA:77,0
DA:79,0
DA:80,0
DA:81,0
DA:82,0
DA:83,0
DA:84,0
DA:85,0
DA:86,0
DA:87,0
DA:88,0
DA:89,0
DA:90,0
DA:91,0
DA:93,0
DA:94,0
DA:95,0
DA:96,0
DA:97,0
DA:98,0
DA:105,0
DA:108,0
DA:109,0
DA:110,0
DA:115,0
DA:116,0
DA:117,0
LF:75
LH:0
end_of_record
SF:lib/widgets/layout/alignPadding.dart
DA:7,1
DA:9,1
DA:11,1
DA:12,1
DA:13,1
DA:14,2
DA:15,1
LF:7
LH:7
end_of_record
SF:lib/widgets/display/text.dart
DA:17,3
DA:19,1
DA:20,1
DA:28,1
DA:30,1
DA:32,2
DA:33,3
DA:35,2
DA:36,0
DA:38,2
DA:39,0
DA:43,1
DA:45,1
DA:46,2
DA:47,2
DA:48,4
LF:16
LH:14
end_of_record
SF:lib/widgets/layout/max.dart
DA:6,1
DA:12,1
DA:14,1
LF:3
LH:3
end_of_record
